2015/12/07 14:14:12 INFO __main__ Start
2015/12/07 14:14:12 INFO usage Start
2015/12/07 14:14:34 INFO __main__ Start
2015/12/07 14:14:34 INFO usage Start
2015/12/07 14:14:34 INFO __main__ End
2015/12/07 14:15:38 INFO __main__ Start
2015/12/07 14:15:38 INFO usage Start
2015/12/07 14:15:39 INFO __main__ End
2015/12/07 14:17:31 INFO __main__ Start
2015/12/07 14:17:31 INFO usage Start
2015/12/07 14:17:38 INFO __main__ Start
2015/12/07 14:17:38 INFO usage Start
2015/12/07 14:17:38 INFO delete_iam_user Start
2015/12/07 14:17:38 ERROR delete_iam_user Get Instance Status Error
2015/12/07 14:27:39 INFO __main__ Start
2015/12/07 14:27:39 INFO usage Start
2015/12/07 14:27:39 INFO delete_iam_user Start
2015/12/07 14:27:39 ERROR delete_iam_user Get Instance Status Error
2015/12/07 14:29:31 INFO __main__ Start
2015/12/07 14:29:31 INFO usage Start
2015/12/07 14:29:31 INFO delete_iam_user Start
2015/12/07 14:29:31 ERROR delete_iam_user Delete IAM User Error
2015/12/07 14:43:38 INFO __main__ Start
2015/12/07 14:43:38 INFO usage Start
2015/12/07 14:43:38 INFO delete_iam_user Start
2015/12/07 14:43:38 ERROR delete_iam_user Delete IAM User Error
2015/12/07 14:48:12 INFO __main__ Start
2015/12/07 14:48:12 INFO usage Start
2015/12/07 14:48:12 INFO delete_iam_user Start
2015/12/07 14:48:13 ERROR delete_iam_user Delete IAM User Error
2015/12/07 14:48:18 INFO __main__ Start
2015/12/07 14:48:18 INFO usage Start
2015/12/07 14:48:18 INFO delete_iam_user Start
2015/12/07 14:48:19 INFO delete_iam_user Deleted IAM User: test4
2015/12/07 14:48:19 INFO delete_iam_user End
2015/12/07 14:48:19 INFO __main__ End
2015/12/07 14:48:23 INFO __main__ Start
2015/12/07 14:48:23 INFO usage Start
2015/12/07 14:48:23 INFO delete_iam_user Start
2015/12/07 14:48:24 INFO delete_iam_user Deleted IAM User: test3
2015/12/07 14:48:24 INFO delete_iam_user End
2015/12/07 14:48:24 INFO __main__ End
2015/12/07 14:48:29 INFO __main__ Start
2015/12/07 14:48:29 INFO usage Start
2015/12/07 14:48:29 INFO delete_iam_user Start
2015/12/07 14:48:30 INFO delete_iam_user Deleted IAM User: test2
2015/12/07 14:48:30 INFO delete_iam_user End
2015/12/07 14:48:30 INFO __main__ End
2015/12/07 14:48:37 INFO __main__ Start
2015/12/07 14:48:37 INFO usage Start
2015/12/07 14:48:37 INFO delete_iam_user Start
2015/12/07 14:48:38 INFO delete_iam_user Deleted IAM User: test1
2015/12/07 14:48:38 INFO delete_iam_user End
2015/12/07 14:48:38 INFO __main__ End
2015/12/07 15:15:52 INFO __main__ Start
2015/12/07 15:15:52 INFO usage Start
2015/12/07 15:15:52 INFO iam_delete_user Start
2015/12/07 15:15:53 ERROR iam_delete_user Delete IAM User Error
2015/12/07 15:20:53 INFO __main__ Start
2015/12/07 15:20:53 INFO usage Start
2015/12/07 15:20:53 INFO iam_delete_user Start
2015/12/07 15:20:53 INFO iam_get_user Start
2015/12/07 15:20:59 INFO iam_get_user IAM User Not Found: test5
2015/12/07 15:20:59 ERROR iam_delete_user Delete IAM User Error
2015/12/07 15:24:00 INFO __main__ Start
2015/12/07 15:24:00 INFO usage Start
2015/12/07 15:24:00 INFO iam_delete_user Start
2015/12/07 15:24:00 INFO iam_get_user Start
2015/12/07 15:24:01 INFO iam_get_user IAM User Not Found: test5
2015/12/07 15:24:01 INFO iam_delete_user End
2015/12/07 15:24:01 ERROR iam_delete_user Delete IAM User Error
2015/12/07 15:24:33 INFO __main__ Start
2015/12/07 15:24:33 INFO usage Start
2015/12/07 15:24:33 INFO iam_delete_user Start
2015/12/07 15:24:33 INFO iam_get_user Start
2015/12/07 15:24:34 INFO iam_get_user IAM User Not Found: test5
2015/12/07 15:24:34 INFO iam_delete_user End
